TN:
SF:api\controllers\AuthController.js
FN:12,(anonymous_0)
FNF:1
FNH:0
FNDA:0,(anonymous_0)
DA:9,1
DA:11,1
DA:13,0
DA:14,0
DA:17,0
DA:20,0
DA:21,0
DA:22,0
DA:26,0
DA:27,0
DA:28,0
DA:29,0
DA:33,0
DA:34,0
DA:35,0
DA:39,0
DA:42,0
DA:45,0
DA:49,0
DA:50,0
LF:20
LH:2
BRDA:20,0,0,0
BRDA:20,0,1,0
BRDA:20,1,0,0
BRDA:20,1,1,0
BRDA:27,2,0,0
BRDA:27,2,1,0
BRDA:33,3,0,0
BRDA:33,3,1,0
BRF:8
BRH:0
end_of_record
TN:
SF:api\controllers\FeedbacksController.js
FNF:0
FNH:0
DA:8,1
LF:1
LH:1
BRF:0
BRH:0
end_of_record
TN:
SF:api\controllers\GroupsController.js
FN:10,(anonymous_0)
FN:20,(anonymous_1)
FN:33,(anonymous_2)
FN:50,(anonymous_3)
FN:68,(anonymous_4)
FN:82,(anonymous_5)
FN:86,(anonymous_6)
FN:94,(anonymous_7)
FN:98,(anonymous_8)
FN:100,(anonymous_9)
FNF:10
FNH:10
FNDA:2,(anonymous_0)
FNDA:1,(anonymous_1)
FNDA:2,(anonymous_2)
FNDA:1,(anonymous_3)
FNDA:2,(anonymous_4)
FNDA:2,(anonymous_5)
FNDA:2,(anonymous_6)
FNDA:2,(anonymous_7)
FNDA:2,(anonymous_8)
FNDA:2,(anonymous_9)
DA:8,2
DA:11,2
DA:12,2
DA:13,1
DA:15,1
DA:21,1
DA:22,1
DA:23,1
DA:24,1
DA:26,0
DA:27,0
DA:29,0
DA:34,2
DA:35,2
DA:36,2
DA:37,0
DA:39,2
DA:40,2
DA:41,1
DA:43,1
DA:45,0
DA:51,1
DA:52,1
DA:53,1
DA:54,1
DA:55,0
DA:57,1
DA:58,0
DA:59,0
DA:61,0
DA:63,1
DA:69,2
DA:70,2
DA:71,2
DA:72,2
DA:73,1
DA:75,1
DA:77,0
DA:83,2
DA:84,2
DA:85,2
DA:86,2
DA:87,1
DA:89,1
DA:95,2
DA:96,2
DA:97,2
DA:98,2
DA:99,1
DA:100,2
DA:101,1
DA:103,1
LF:52
LH:42
BRDA:23,0,0,1
BRDA:23,0,1,0
BRDA:23,1,0,1
BRDA:23,1,1,1
BRDA:36,2,0,0
BRDA:36,2,1,2
BRDA:40,3,0,1
BRDA:40,3,1,1
BRDA:54,4,0,0
BRDA:54,4,1,1
BRDA:54,5,0,1
BRDA:54,5,1,1
BRDA:58,6,0,0
BRDA:58,6,1,0
BRDA:72,7,0,1
BRDA:72,7,1,1
BRF:16
BRH:11
end_of_record
TN:
SF:api\controllers\HandbooksController.js
FN:12,(anonymous_0)
FN:22,(anonymous_1)
FN:35,(anonymous_2)
FN:45,(anonymous_3)
FN:60,(anonymous_4)
FN:72,(anonymous_5)
FN:86,(anonymous_6)
FNF:7
FNH:5
FNDA:1,(anonymous_0)
FNDA:2,(anonymous_1)
FNDA:1,(anonymous_2)
FNDA:1,(anonymous_3)
FNDA:2,(anonymous_4)
FNDA:0,(anonymous_5)
FNDA:0,(anonymous_6)
DA:8,2
DA:10,2
DA:13,1
DA:14,1
DA:15,0
DA:17,1
DA:23,2
DA:24,2
DA:25,0
DA:26,0
DA:28,0
DA:30,2
DA:36,1
DA:37,1
DA:38,0
DA:40,1
DA:46,1
DA:47,1
DA:50,0
DA:51,0
DA:53,0
DA:55,1
DA:61,2
DA:62,2
DA:63,0
DA:64,0
DA:66,0
DA:68,2
DA:73,0
DA:74,0
DA:77,0
DA:79,0
DA:81,0
DA:87,0
DA:88,0
DA:89,0
DA:90,0
DA:98,0
DA:99,0
DA:102,0
DA:106,0
DA:108,0
LF:42
LH:17
BRDA:25,0,0,0
BRDA:25,0,1,0
BRDA:50,1,0,0
BRDA:50,1,1,0
BRDA:63,2,0,0
BRDA:63,2,1,0
BRDA:98,3,0,0
BRDA:98,3,1,0
BRF:8
BRH:0
end_of_record
TN:
SF:api\controllers\MaterialsController.js
FN:13,(anonymous_0)
FN:40,(anonymous_1)
FNF:2
FNH:2
FNDA:2,(anonymous_0)
FNDA:1,(anonymous_1)
DA:10,2
DA:14,2
DA:16,2
DA:19,2
DA:20,1
DA:24,1
DA:27,1
DA:28,1
DA:32,0
DA:35,0
DA:41,1
DA:43,1
DA:46,1
DA:47,1
DA:51,0
DA:54,0
DA:57,0
LF:17
LH:12
BRDA:19,0,0,1
BRDA:19,0,1,1
BRDA:27,1,0,1
BRDA:27,1,1,0
BRDA:46,2,0,1
BRDA:46,2,1,0
BRDA:46,3,0,1
BRDA:46,3,1,1
BRDA:46,3,2,0
BRDA:46,3,3,0
BRF:10
BRH:6
end_of_record
TN:
SF:api\controllers\ProductsController.js
FN:10,(anonymous_0)
FN:20,(anonymous_1)
FN:39,(anonymous_2)
FN:54,(anonymous_3)
FN:75,(anonymous_4)
FNF:5
FNH:4
FNDA:0,(anonymous_0)
FNDA:2,(anonymous_1)
FNDA:1,(anonymous_2)
FNDA:1,(anonymous_3)
FNDA:1,(anonymous_4)
DA:8,2
DA:11,0
DA:12,0
DA:13,0
DA:15,0
DA:21,2
DA:22,2
DA:23,2
DA:24,1
DA:27,1
DA:28,1
DA:29,1
DA:32,0
DA:34,0
DA:40,1
DA:41,1
DA:42,1
DA:43,1
DA:46,0
DA:47,0
DA:49,0
DA:55,1
DA:56,1
DA:57,1
DA:59,1
DA:60,1
DA:63,0
DA:64,0
DA:65,0
DA:68,0
DA:70,0
DA:76,1
DA:77,1
DA:78,1
DA:80,1
DA:81,1
DA:84,0
DA:86,0
LF:38
LH:22
BRDA:23,0,0,1
BRDA:23,0,1,1
BRDA:28,1,0,1
BRDA:28,1,1,0
BRDA:42,2,0,1
BRDA:42,2,1,0
BRDA:42,3,0,1
BRDA:42,3,1,1
BRDA:42,3,2,0
BRDA:59,4,0,1
BRDA:59,4,1,0
BRDA:59,5,0,1
BRDA:59,5,1,1
BRDA:59,5,2,0
BRDA:64,6,0,0
BRDA:64,6,1,0
BRDA:80,7,0,1
BRDA:80,7,1,0
BRF:18
BRH:10
end_of_record
TN:
SF:api\controllers\TasksController.js
FN:10,(anonymous_0)
FN:20,(anonymous_1)
FN:36,(anonymous_2)
FN:55,(anonymous_3)
FN:76,(anonymous_4)
FN:92,(anonymous_5)
FN:102,(anonymous_6)
FN:127,(anonymous_7)
FN:137,(anonymous_8)
FN:161,(anonymous_9)
FN:169,(anonymous_10)
FN:173,(anonymous_11)
FN:183,(anonymous_12)
FN:198,(anonymous_13)
FN:228,(anonymous_14)
FN:242,(anonymous_15)
FN:270,(anonymous_16)
FN:278,(anonymous_17)
FN:282,(anonymous_18)
FN:296,(anonymous_19)
FN:306,(anonymous_20)
FN:321,(anonymous_21)
FN:339,(anonymous_22)
FN:350,(anonymous_23)
FN:356,(anonymous_24)
FNF:25
FNH:8
FNDA:1,(anonymous_0)
FNDA:1,(anonymous_1)
FNDA:1,(anonymous_2)
FNDA:1,(anonymous_3)
FNDA:1,(anonymous_4)
FNDA:0,(anonymous_5)
FNDA:0,(anonymous_6)
FNDA:0,(anonymous_7)
FNDA:0,(anonymous_8)
FNDA:0,(anonymous_9)
FNDA:0,(anonymous_10)
FNDA:0,(anonymous_11)
FNDA:0,(anonymous_12)
FNDA:0,(anonymous_13)
FNDA:0,(anonymous_14)
FNDA:0,(anonymous_15)
FNDA:1,(anonymous_16)
FNDA:3,(anonymous_17)
FNDA:3,(anonymous_18)
FNDA:0,(anonymous_19)
FNDA:0,(anonymous_20)
FNDA:0,(anonymous_21)
FNDA:0,(anonymous_22)
FNDA:0,(anonymous_23)
FNDA:0,(anonymous_24)
DA:8,2
DA:11,1
DA:12,1
DA:13,1
DA:15,0
DA:21,1
DA:22,1
DA:24,1
DA:25,0
DA:28,1
DA:29,0
DA:31,1
DA:37,1
DA:38,1
DA:39,1
DA:40,0
DA:43,1
DA:44,1
DA:45,0
DA:48,1
DA:50,0
DA:56,1
DA:57,1
DA:58,1
DA:60,1
DA:61,0
DA:64,1
DA:65,0
DA:66,0
DA:69,0
DA:71,1
DA:77,1
DA:78,1
DA:79,1
DA:81,1
DA:82,0
DA:85,1
DA:87,0
DA:93,0
DA:95,0
DA:96,0
DA:98,0
DA:99,0
DA:102,0
DA:103,0
DA:104,0
DA:106,0
DA:109,0
DA:110,0
DA:113,0
DA:115,0
DA:116,0
DA:119,0
DA:121,0
DA:122,0
DA:128,0
DA:130,0
DA:131,0
DA:133,0
DA:134,0
DA:137,0
DA:138,0
DA:139,0
DA:141,0
DA:144,0
DA:145,0
DA:148,0
DA:150,0
DA:151,0
DA:154,0
DA:156,0
DA:157,0
DA:162,0
DA:163,0
DA:165,0
DA:166,0
DA:167,0
DA:169,0
DA:170,0
DA:171,0
DA:173,0
DA:176,0
DA:178,0
DA:185,0
DA:187,0
DA:189,0
DA:193,0
DA:194,0
DA:198,0
DA:199,0
DA:200,0
DA:205,0
DA:206,0
DA:210,0
DA:213,0
DA:214,0
DA:219,0
DA:222,0
DA:223,0
DA:230,0
DA:232,0
DA:234,0
DA:237,0
DA:238,0
DA:242,0
DA:243,0
DA:244,0
DA:249,0
DA:250,0
DA:254,0
DA:257,0
DA:258,0
DA:262,0
DA:265,0
DA:266,0
DA:271,1
DA:272,1
DA:274,1
DA:275,1
DA:276,1
DA:278,1
DA:279,3
DA:280,2
DA:282,3
DA:284,1
DA:286,1
DA:287,1
DA:289,1
DA:291,0
DA:292,0
DA:297,0
DA:298,0
DA:302,0
DA:303,0
DA:306,0
DA:307,0
DA:308,0
DA:310,0
DA:315,0
DA:317,0
DA:318,0
DA:322,0
DA:323,0
DA:326,0
DA:334,0
DA:335,0
DA:339,0
DA:342,0
DA:350,0
DA:351,0
DA:352,0
DA:353,0
DA:356,0
DA:357,0
DA:358,0
DA:364,0
DA:366,0
DA:367,0
LF:158
LH:39
BRDA:24,0,0,0
BRDA:24,0,1,1
BRDA:24,1,0,1
BRDA:24,1,1,1
BRDA:24,1,2,1
BRDA:24,1,3,1
BRDA:39,2,0,0
BRDA:39,2,1,1
BRDA:44,3,0,0
BRDA:44,3,1,1
BRDA:60,4,0,0
BRDA:60,4,1,1
BRDA:60,5,0,1
BRDA:60,5,1,1
BRDA:60,5,2,1
BRDA:60,5,3,1
BRDA:65,6,0,0
BRDA:65,6,1,0
BRDA:81,7,0,0
BRDA:81,7,1,1
BRDA:98,8,0,0
BRDA:98,8,1,0
BRDA:98,9,0,0
BRDA:98,9,1,0
BRDA:103,10,0,0
BRDA:103,10,1,0
BRDA:109,11,0,0
BRDA:109,11,1,0
BRDA:109,12,0,0
BRDA:109,12,1,0
BRDA:115,13,0,0
BRDA:115,13,1,0
BRDA:115,14,0,0
BRDA:115,14,1,0
BRDA:133,15,0,0
BRDA:133,15,1,0
BRDA:133,16,0,0
BRDA:133,16,1,0
BRDA:138,17,0,0
BRDA:138,17,1,0
BRDA:144,18,0,0
BRDA:144,18,1,0
BRDA:144,19,0,0
BRDA:144,19,1,0
BRDA:150,20,0,0
BRDA:150,20,1,0
BRDA:150,21,0,0
BRDA:150,21,1,0
BRDA:170,22,0,0
BRDA:170,22,1,0
BRDA:193,23,0,0
BRDA:193,23,1,0
BRDA:193,24,0,0
BRDA:193,24,1,0
BRDA:199,25,0,0
BRDA:199,25,1,0
BRDA:205,26,0,0
BRDA:205,26,1,0
BRDA:205,27,0,0
BRDA:205,27,1,0
BRDA:213,28,0,0
BRDA:213,28,1,0
BRDA:213,29,0,0
BRDA:213,29,1,0
BRDA:237,30,0,0
BRDA:237,30,1,0
BRDA:237,31,0,0
BRDA:237,31,1,0
BRDA:243,32,0,0
BRDA:243,32,1,0
BRDA:249,33,0,0
BRDA:249,33,1,0
BRDA:249,34,0,0
BRDA:249,34,1,0
BRDA:257,35,0,0
BRDA:257,35,1,0
BRDA:257,36,0,0
BRDA:257,36,1,0
BRDA:279,37,0,2
BRDA:279,37,1,1
BRDA:307,38,0,0
BRDA:307,38,1,0
BRDA:334,39,0,0
BRDA:334,39,1,0
BRDA:352,40,0,0
BRDA:352,40,1,0
BRDA:357,41,0,0
BRDA:357,41,1,0
BRF:88
BRH:15
end_of_record
TN:
SF:api\controllers\UsersController.js
FN:11,(anonymous_0)
FN:24,(anonymous_1)
FN:42,(anonymous_2)
FN:61,(anonymous_3)
FN:79,(anonymous_4)
FNF:5
FNH:3
FNDA:0,(anonymous_0)
FNDA:0,(anonymous_1)
FNDA:1,(anonymous_2)
FNDA:1,(anonymous_3)
FNDA:1,(anonymous_4)
DA:9,2
DA:12,0
DA:14,0
DA:15,0
DA:18,0
DA:19,0
DA:25,0
DA:27,0
DA:28,0
DA:30,0
DA:33,0
DA:36,0
DA:37,0
DA:43,1
DA:44,1
DA:45,1
DA:46,1
DA:50,0
DA:52,0
DA:55,0
DA:56,0
DA:62,1
DA:64,1
DA:65,1
DA:67,1
DA:70,0
DA:73,0
DA:74,0
DA:80,1
DA:82,1
DA:83,1
DA:85,1
DA:88,0
DA:91,0
DA:92,0
LF:35
LH:13
BRDA:28,0,0,0
BRDA:28,0,1,0
BRDA:45,1,0,1
BRDA:45,1,1,0
BRDA:45,2,0,1
BRDA:45,2,1,0
BRDA:65,3,0,1
BRDA:65,3,1,0
BRDA:83,4,0,1
BRDA:83,4,1,0
BRF:10
BRH:4
end_of_record
